<?xml version="1.0" encoding="UTF-8"?>
<!-- Generated by org.testng.reporters.JUnitXMLReporter -->
<testsuite ignored="0" hostname="DESKTOP-J4V0L2O" failures="0" tests="2" name="Default test" time="0.118" errors="0" timestamp="2022-11-16T11:52:36 PST">
  <testcase classname="Genericcultility.ExtentReport" name="@BeforeTest startReport" time="-1.668628355923E9">
    <failure type="org.testng.TestNGException" message="
Can inject only one of &amp;lt;ITestContext, XmlTest&amp;gt; into a @BeforeTest annotated startReport.
For more information on native dependency injection please refer to https://testng.org/doc/documentation-main.html#native-dependency-injection">
      <![CDATA[org.testng.TestNGException: 
Can inject only one of <ITestContext, XmlTest> into a @BeforeTest annotated startReport.
For more information on native dependency injection please refer to https://testng.org/doc/documentation-main.html#native-dependency-injection
at org.testng.internal.Parameters.checkParameterTypes(Parameters.java:439)
at org.testng.internal.Parameters.createParametersForMethod(Parameters.java:353)
at org.testng.internal.Parameters.createParameters(Parameters.java:708)
at org.testng.internal.Parameters.createConfigurationParameters(Parameters.java:168)
at org.testng.internal.ConfigInvoker.invokeConfigurations(ConfigInvoker.java:302)
at org.testng.TestRunner.invokeTestConfigurations(TestRunner.java:637)
at org.testng.TestRunner.beforeRun(TestRunner.java:627)
at org.testng.TestRunner.run(TestRunner.java:589)
at org.testng.SuiteRunner.runTest(SuiteRunner.java:377)
at org.testng.SuiteRunner.runSequentially(SuiteRunner.java:371)
at org.testng.SuiteRunner.privateRun(SuiteRunner.java:332)
at org.testng.SuiteRunner.run(SuiteRunner.java:276)
at org.testng.SuiteRunnerWorker.runSuite(SuiteRunnerWorker.java:53)
at org.testng.SuiteRunnerWorker.run(SuiteRunnerWorker.java:96)
at org.testng.TestNG.runSuitesSequentially(TestNG.java:1212)
at org.testng.TestNG.runSuitesLocally(TestNG.java:1134)
at org.testng.TestNG.runSuites(TestNG.java:1063)
at org.testng.TestNG.run(TestNG.java:1031)
at org.testng.remote.AbstractRemoteTestNG.run(AbstractRemoteTestNG.java:115)
at org.testng.remote.RemoteTestNG.initAndRun(RemoteTestNG.java:251)
at org.testng.remote.RemoteTestNG.main(RemoteTestNG.java:77)
]]>
    </failure>
  </testcase> <!-- @BeforeTest startReport -->
  <testcase classname="Genericcultility.ExtentReport" name="@BeforeMethod setup" time="-1.668628355988E9">
    <skipped/>
  </testcase> <!-- @BeforeMethod setup -->
  <testcase classname="Genericcultility.ExtentReport" name="@AfterMethod getResult" time="-1.668628356006E9">
    <skipped/>
  </testcase> <!-- @AfterMethod getResult -->
  <testcase classname="Genericcultility.ExtentReport" name="@BeforeMethod setup" time="-1.668628356012E9">
    <skipped/>
  </testcase> <!-- @BeforeMethod setup -->
  <testcase classname="Genericcultility.ExtentReport" name="@AfterMethod getResult" time="-1.668628356021E9">
    <skipped/>
  </testcase> <!-- @AfterMethod getResult -->
  <testcase classname="Genericcultility.ExtentReport" name="@AfterTest endReport" time="-1.668628356029E9">
    <skipped/>
  </testcase> <!-- @AfterTest endReport -->
  <testcase classname="Genericcultility.ExtentReport" name="verifyLogo" time="0.0">
    <skipped/>
  </testcase> <!-- verifyLogo -->
  <testcase classname="Genericcultility.ExtentReport" name="verifyTitle" time="0.001">
    <skipped/>
  </testcase> <!-- verifyTitle -->
</testsuite> <!-- Default test -->
